[0.089s] Invoking command in '/home/rasp/ros2_ws/build/rf2o_laser_odometry': CMAKE_PREFIX_PATH=${CMAKE_PREFIX_PATH}:/home/rasp/ros2_ws/install/robot_description:/opt/ros/jazzy /usr/bin/cmake /home/rasp/ros2_ws/src/rf2o_laser_odometry -DCMAKE_INSTALL_PREFIX=/home/rasp/ros2_ws/install/rf2o_laser_odometry
[0.506s] -- The C compiler identification is GNU 13.3.0
[0.896s] -- The CXX compiler identification is GNU 13.3.0
[0.999s] -- Detecting C compiler ABI info
[1.648s] -- Detecting C compiler ABI info - done
[1.710s] -- Check for working C compiler: /usr/bin/cc - skipped
[1.715s] -- Detecting C compile features
[1.716s] -- Detecting C compile features - done
[1.779s] -- Detecting CXX compiler ABI info
[2.489s] -- Detecting CXX compiler ABI info - done
[2.536s] -- Check for working CXX compiler: /usr/bin/c++ - skipped
[2.538s] -- Detecting CXX compile features
[2.543s] -- Detecting CXX compile features - done
[2.600s] -- Found ament_cmake: 2.5.3 (/opt/ros/jazzy/share/ament_cmake/cmake)
[3.861s] -- Found Python3: /usr/bin/python3 (found version "3.12.3") found components: Interpreter 
[5.095s] -- Found rclcpp: 28.1.8 (/opt/ros/jazzy/share/rclcpp/cmake)
[5.759s] -- Found rosidl_generator_c: 4.6.5 (/opt/ros/jazzy/share/rosidl_generator_c/cmake)
[5.969s] -- Found rosidl_generator_cpp: 4.6.5 (/opt/ros/jazzy/share/rosidl_generator_cpp/cmake)
[6.169s] -- Using all available rosidl_typesupport_c: rosidl_typesupport_fastrtps_c;rosidl_typesupport_introspection_c
[6.380s] -- Using all available rosidl_typesupport_cpp: rosidl_typesupport_fastrtps_cpp;rosidl_typesupport_introspection_cpp
[7.279s] -- Found rmw_implementation_cmake: 7.3.2 (/opt/ros/jazzy/share/rmw_implementation_cmake/cmake)
[7.341s] -- Found rmw_fastrtps_cpp: 8.4.2 (/opt/ros/jazzy/share/rmw_fastrtps_cpp/cmake)
[8.126s] -- Found OpenSSL: /usr/lib/aarch64-linux-gnu/libcrypto.so (found version "3.0.13")  
[8.268s] -- Found FastRTPS: /opt/ros/jazzy/include (Required is at least version "2.13") 
[8.398s] -- Using RMW implementation 'rmw_fastrtps_cpp' as default
[9.173s] -- Found std_msgs: 5.3.6 (/opt/ros/jazzy/share/std_msgs/cmake)
[9.317s] -- Found geometry_msgs: 5.3.6 (/opt/ros/jazzy/share/geometry_msgs/cmake)
[9.486s] -- Found tf2_geometry_msgs: 0.36.9 (/opt/ros/jazzy/share/tf2_geometry_msgs/cmake)
[9.819s] -- Found eigen3_cmake_module: 0.3.0 (/opt/ros/jazzy/share/eigen3_cmake_module/cmake)
[9.832s] -- Found Eigen3: TRUE (found version "3.4.0") 
[9.835s] -- Ensuring Eigen3 include directory is part of orocos-kdl CMake target
[11.230s] -- Found sensor_msgs: 5.3.6 (/opt/ros/jazzy/share/sensor_msgs/cmake)
[11.414s] -- Found nav_msgs: 5.3.6 (/opt/ros/jazzy/share/nav_msgs/cmake)
[11.665s] -- Found Boost: /usr/lib/aarch64-linux-gnu/cmake/Boost-1.83.0/BoostConfig.cmake (found version "1.83.0")  
[12.291s] -- Configuring done (12.1s)
[12.425s] -- Generating done (0.1s)
[12.453s] -- Build files have been written to: /home/rasp/ros2_ws/build/rf2o_laser_odometry
[12.514s] Invoked command in '/home/rasp/ros2_ws/build/rf2o_laser_odometry' returned '0': CMAKE_PREFIX_PATH=${CMAKE_PREFIX_PATH}:/home/rasp/ros2_ws/install/robot_description:/opt/ros/jazzy /usr/bin/cmake /home/rasp/ros2_ws/src/rf2o_laser_odometry -DCMAKE_INSTALL_PREFIX=/home/rasp/ros2_ws/install/rf2o_laser_odometry
[12.518s] Invoking command in '/home/rasp/ros2_ws/build/rf2o_laser_odometry': CMAKE_PREFIX_PATH=${CMAKE_PREFIX_PATH}:/home/rasp/ros2_ws/install/robot_description:/opt/ros/jazzy /usr/bin/cmake --build /home/rasp/ros2_ws/build/rf2o_laser_odometry -- -j4 -l4
[12.961s] [ 20%] [32mBuilding CXX object CMakeFiles/rf2o_laser_odometry_node.dir/src/CLaserOdometry2DNode.cpp.o[0m
[13.030s] [ 40%] [32mBuilding CXX object CMakeFiles/rf2o_laser_odometry_node.dir/src/CLaserOdometry2D.cpp.o[0m
[13.061s] [ 60%] [32mBuilding CXX object CMakeFiles/rf2o_laser_odometry.dir/src/CLaserOdometry2D.cpp.o[0m
[15.232s] gmake[2]: *** [CMakeFiles/rf2o_laser_odometry_node.dir/build.make:90: CMakeFiles/rf2o_laser_odometry_node.dir/src/CLaserOdometry2D.cpp.o] Interrupt
[15.232s] gmake[2]: *** wait: No child processes.  Stop.
[15.233s] gmake[2]: *** Waiting for unfinished jobs....
[15.241s] gmake[2]: *** wait: No child processes.  Stop.
[15.243s] gmake[1]: *** [CMakeFiles/Makefile2:139: CMakeFiles/rf2o_laser_odometry_node.dir/all] Error 2
[15.243s] gmake[2]: *** [CMakeFiles/rf2o_laser_odometry.dir/build.make:76: CMakeFiles/rf2o_laser_odometry.dir/src/CLaserOdometry2D.cpp.o] Interrupt
[15.243s] gmake[1]: *** [CMakeFiles/Makefile2:165: CMakeFiles/rf2o_laser_odometry.dir/all] Interrupt
[15.244s] gmake: *** [Makefile:146: all] Interrupt
